[16:45:47] [main/INFO] (FabricLoader/GameProvider) Loading for game Minecraft 1.17.1
[16:45:47] [main/INFO] (FabricLoader) Loading 50 mods:
	- fabric 0.40.0+1.17
	- fabric-api-base 0.3.0+a02b446318
	- fabric-api-lookup-api-v1 1.3.0+cbda931818
	- fabric-biome-api-v1 3.2.0+cbda931818
	- fabric-blockrenderlayer-v1 1.1.5+a02b446318
	- fabric-command-api-v1 1.1.3+5ab9934c18
	- fabric-commands-v0 0.2.2+92519afa18
	- fabric-containers-v0 0.1.12+cbda931818
	- fabric-content-registries-v0 0.3.0+cbda931818
	- fabric-crash-report-info-v1 0.1.5+be9da31018
	- fabric-dimensions-v1 2.0.11+6cefd57718
	- fabric-entity-events-v1 1.2.3+87cc6e4c18
	- fabric-events-interaction-v0 0.4.10+fc40aa9d18
	- fabric-events-lifecycle-v0 0.2.1+92519afa18
	- fabric-game-rule-api-v1 1.0.7+cbda931818
	- fabric-gametest-api-v1 1.0.0+e409d7e818
	- fabric-item-api-v1 1.2.4+cbda931818
	- fabric-item-groups-v0 0.2.10+b7ab612118
	- fabric-key-binding-api-v1 1.0.4+cbda931818
	- fabric-keybindings-v0 0.2.2+36b77c3e18
	- fabric-lifecycle-events-v1 1.4.4+a02b446318
	- fabric-loot-tables-v1 1.0.4+a02b446318
	- fabric-mining-levels-v0 0.1.3+92519afa18
	- fabric-models-v0 0.3.0+a02b446318
	- fabric-networking-api-v1 1.0.13+cbda931818
	- fabric-networking-blockentity-v0 0.2.11+a02b446318
	- fabric-networking-v0 0.3.2+92519afa18
	- fabric-object-builder-api-v1 1.10.9+cbda931818
	- fabric-object-builders-v0 0.7.3+a02b446318
	- fabric-particles-v1 0.2.4+a02b446318
	- fabric-registry-sync-v0 0.7.10+e2961fee18
	- fabric-renderer-api-v1 0.4.4+cbda931818
	- fabric-renderer-indigo 0.4.8+cbda931818
	- fabric-renderer-registries-v1 3.2.2+fc40aa9d18
	- fabric-rendering-data-attachment-v1 0.1.5+a02b446318
	- fabric-rendering-fluids-v1 0.1.13+a02b446318
	- fabric-rendering-v0 1.1.3+fc40aa9d18
	- fabric-rendering-v1 1.8.1+fc40aa9d18
	- fabric-resource-loader-v0 0.4.8+a00e834b18
	- fabric-screen-api-v1 1.0.4+cbda931818
	- fabric-screen-handler-api-v1 1.1.8+cbda931818
	- fabric-structure-api-v1 1.1.13+5ab9934c18
	- fabric-tag-extensions-v0 1.2.1+81e15a8918
	- fabric-textures-v0 1.0.6+a02b446318
	- fabric-tool-attribute-api-v1 1.2.12+b7ab612118
	- fabric-transfer-api-v1 1.3.0+fc40aa9d18
	- fabricloader 0.12.5
	- java 17
	- minecraft 1.17.1
	- wolf_port 1.0.0-1.17.1
[16:45:47] [main/INFO] (FabricLoader/Mixin) SpongePowered MIXIN Subsystem Version=0.8.4 Source=file:/D:/gradle-5.5/bin/.gradle/caches/modules-2/files-2.1/net.fabricmc/sponge-mixin/0.10.6+mixin.0.8.4/71f8ab094808b8ca0d7b572413642c88170bef0d/sponge-mixin-0.10.6+mixin.0.8.4.jar Service=Knot/Fabric Env=CLIENT
[16:45:48] [main/INFO] (FabricLoader/Mixin) Loaded Fabric development mappings for mixin remapper!
[16:45:48] [main/INFO] (FabricLoader/Mixin) Compatibility level set to JAVA_16
[16:45:48] [main/INFO] (FabricLoader/Mixin) Compatibility level set to JAVA_17
[16:45:48] [main/WARN] (FileUtil) Configuration conflict: there is more than one oshi.properties file on the classpath
[16:45:48] [main/WARN] (FileUtil) Configuration conflict: there is more than one oshi.architecture.properties file on the classpath
[16:45:51] [Render thread/INFO] (Minecraft) Environment: authHost='https://authserver.mojang.com', accountsHost='https://api.mojang.com', sessionHost='https://sessionserver.mojang.com', servicesHost='https://api.minecraftservices.com', name='PROD'
[16:45:52] [Render thread/ERROR] (Minecraft) Failed to verify authentication
com.mojang.authlib.exceptions.InvalidCredentialsException: Status: 401
	at com.mojang.authlib.exceptions.MinecraftClientHttpException.toAuthenticationException(MinecraftClientHttpException.java:56) ~[authlib-2.3.31.jar:?]
	at com.mojang.authlib.yggdrasil.YggdrasilSocialInteractionsService.checkPrivileges(YggdrasilSocialInteractionsService.java:112) ~[authlib-2.3.31.jar:?]
	at com.mojang.authlib.yggdrasil.YggdrasilSocialInteractionsService.<init>(YggdrasilSocialInteractionsService.java:42) ~[authlib-2.3.31.jar:?]
	at com.mojang.authlib.yggdrasil.YggdrasilAuthenticationService.createSocialInteractionsService(YggdrasilAuthenticationService.java:151) ~[authlib-2.3.31.jar:?]
	at net.minecraft.client.MinecraftClient.createSocialInteractionsService(MinecraftClient.java:670) [minecraft-merged-15d0b954df-1.17.1-net.fabricmc.yarn.1_17_1.1.17.1+build.10-v2.jar:?]
	at net.minecraft.client.MinecraftClient.<init>(MinecraftClient.java:429) [minecraft-merged-15d0b954df-1.17.1-net.fabricmc.yarn.1_17_1.1.17.1+build.10-v2.jar:?]
	at net.minecraft.client.main.Main.main(Main.java:179) [minecraft-merged-15d0b954df-1.17.1-net.fabricmc.yarn.1_17_1.1.17.1+build.10-v2.jar:?]
	at jdk.internal.reflect.NativeMethodAccessorImpl.invoke0(Native Method) ~[?:?]
	at jdk.internal.reflect.NativeMethodAccessorImpl.invoke(NativeMethodAccessorImpl.java:77) ~[?:?]
	at jdk.internal.reflect.DelegatingMethodAccessorImpl.invoke(DelegatingMethodAccessorImpl.java:43) ~[?:?]
	at java.lang.reflect.Method.invoke(Method.java:568) ~[?:?]
	at net.fabricmc.loader.impl.game.minecraft.MinecraftGameProvider.launch(MinecraftGameProvider.java:568) [fabric-loader-0.12.5.jar:?]
	at net.fabricmc.loader.impl.launch.knot.Knot.launch(Knot.java:74) [fabric-loader-0.12.5.jar:?]
	at net.fabricmc.loader.launch.knot.KnotClient.main(KnotClient.java:28) [fabric-loader-0.12.5.jar:?]
	at net.fabricmc.devlaunchinjector.Main.main(Main.java:86) [dev-launch-injector-0.2.1+build.8.jar:?]
Caused by: com.mojang.authlib.exceptions.MinecraftClientHttpException: Status: 401
	at com.mojang.authlib.minecraft.client.MinecraftClient.readInputStream(MinecraftClient.java:77) ~[authlib-2.3.31.jar:?]
	at com.mojang.authlib.minecraft.client.MinecraftClient.get(MinecraftClient.java:47) ~[authlib-2.3.31.jar:?]
	at com.mojang.authlib.yggdrasil.YggdrasilSocialInteractionsService.checkPrivileges(YggdrasilSocialInteractionsService.java:104) ~[authlib-2.3.31.jar:?]
	... 13 more
[16:45:52] [Render thread/INFO] (Minecraft) Setting user: Player296
[16:45:52] [Render thread/WARN] (FabricLoader/Mixin) @Inject(@At("INVOKE")) Shift.BY=3 on fabric-lifecycle-events-v1.mixins.json:client.WorldChunkMixin::handler$zca000$onLoadBlockEntity exceeds the maximum allowed value: 0. Increase the value of maxShiftBy to suppress this warning.
[16:45:52] [Render thread/INFO] (Indigo) [Indigo] Registering Indigo renderer!
[16:45:52] [Render thread/INFO] (Minecraft) Backend library: LWJGL version 3.2.2 build 10
[16:45:53] [Render thread/INFO] (Minecraft) Narrator library for x64 successfully loaded
[16:45:53] [Render thread/INFO] (Minecraft) Reloading ResourceManager: Default, Fabric Mods (Fabric Networking (v0), Fabric Tag Extensions (v0), Fabric Game Test API (v1), Fabric Renderer API (v1), Fabric Renderer - Indigo, Fabric Rendering Data Attachment (v1), Fabric Transfer API (v1), Fabric Rendering Fluids (v1), Fabric Lifecycle Events (v1), Fabric Item API (v1), Fabric Containers (v0), Fabric Command API (v1), Fabric Entity Events (v1), Fabric Networking Block Entity (v0), Fabric Loot Tables (v1), Fabric Textures (v0), Fabric Events Lifecycle (v0), Fabric Networking API (v1), Fabric Dimensions API (v1), Fabric Particles (v1), Fabric BlockRenderLayer Registration (v1), Fabric Object Builders (v0), Fabric Game Rule API (v1), Fabric Events Interaction (v0), Wolf Port, Fabric Biome API (v1), Fabric Commands (v0), Fabric Structure API (v1), Fabric Rendering (v0), Fabric Models (v0), Fabric Object Builder API (v1), Fabric Item Groups (v0), Fabric API Lookup API (v1), Fabric Tool Attribute API (v1), Fabric Key Bindings (v0), Fabric Content Registries (v0), Fabric Mining Levels (v0), Fabric Key Binding API (v1), Fabric Loader, Fabric Rendering (v1), Fabric API, Fabric Screen API (v1), Fabric Crash Report Info (v1), Fabric Registry Sync (v0), Fabric Renderer Registries (v1), Fabric API Base, Fabric Screen Handler API (v1), Fabric Resource Loader (v0))
[16:45:54] [Realms Notification Availability checker #1/INFO] (Minecraft) Could not authorize you against Realms server: Invalid session id
[16:45:54] [Render thread/INFO] (Minecraft) OpenAL initialized.
[16:45:54] [Render thread/INFO] (Minecraft) Sound engine started
[16:45:55] [Render thread/INFO] (Minecraft) Created: 1024x1024x4 minecraft:textures/atlas/blocks.png-atlas
[16:45:55] [Render thread/INFO] (Minecraft) Created: 256x128x4 minecraft:textures/atlas/signs.png-atlas
[16:45:55] [Render thread/INFO] (Minecraft) Created: 1024x512x4 minecraft:textures/atlas/banner_patterns.png-atlas
[16:45:55] [Render thread/INFO] (Minecraft) Created: 1024x512x4 minecraft:textures/atlas/shield_patterns.png-atlas
[16:45:55] [Render thread/INFO] (Minecraft) Created: 256x256x4 minecraft:textures/atlas/chest.png-atlas
[16:45:55] [Render thread/INFO] (Minecraft) Created: 512x256x4 minecraft:textures/atlas/beds.png-atlas
[16:45:55] [Render thread/INFO] (Minecraft) Created: 512x256x4 minecraft:textures/atlas/shulker_boxes.png-atlas
[16:45:55] [Render thread/INFO] (Minecraft) Created: 256x256x0 minecraft:textures/atlas/particles.png-atlas
[16:45:55] [Render thread/INFO] (Minecraft) Created: 256x256x0 minecraft:textures/atlas/paintings.png-atlas
[16:45:55] [Render thread/INFO] (Minecraft) Created: 256x128x0 minecraft:textures/atlas/mob_effects.png-atlas
[16:46:03] [Render thread/WARN] (Minecraft) Ambiguity between arguments [teleport, location] and [teleport, destination] with inputs: [0.1 -0.5 .9, 0 0 0]
[16:46:03] [Render thread/WARN] (Minecraft) Ambiguity between arguments [teleport, location] and [teleport, targets] with inputs: [0.1 -0.5 .9, 0 0 0]
[16:46:03] [Render thread/WARN] (Minecraft) Ambiguity between arguments [teleport, destination] and [teleport, targets] with inputs: [Player, 0123, @e, dd12be42-52a9-4a91-a8a1-11c01849e498]
[16:46:03] [Render thread/WARN] (Minecraft) Ambiguity between arguments [teleport, targets] and [teleport, destination] with inputs: [Player, 0123, dd12be42-52a9-4a91-a8a1-11c01849e498]
[16:46:03] [Render thread/WARN] (Minecraft) Ambiguity between arguments [teleport, targets, location] and [teleport, targets, destination] with inputs: [0.1 -0.5 .9, 0 0 0]
[16:46:03] [Render thread/INFO] (Minecraft) Reloading ResourceManager: Default, Fabric Mods (Fabric Game Test API (v1), Wolf Port, Fabric Tool Attribute API (v1))
[16:46:04] [Render thread/INFO] (Minecraft) Loaded 7 recipes
[16:46:04] [Render thread/INFO] (Minecraft) Loaded 1137 advancements
[16:46:04] [Render thread/INFO] (BiomeModificationImpl) Applied 0 biome modifications to 0 of 81 new biomes in 817.3 μs
[16:46:05] [Render thread/WARN] (Minecraft) Ambiguity between arguments [teleport, location] and [teleport, destination] with inputs: [0.1 -0.5 .9, 0 0 0]
[16:46:05] [Render thread/WARN] (Minecraft) Ambiguity between arguments [teleport, location] and [teleport, targets] with inputs: [0.1 -0.5 .9, 0 0 0]
[16:46:05] [Render thread/WARN] (Minecraft) Ambiguity between arguments [teleport, destination] and [teleport, targets] with inputs: [Player, 0123, @e, dd12be42-52a9-4a91-a8a1-11c01849e498]
[16:46:05] [Render thread/WARN] (Minecraft) Ambiguity between arguments [teleport, targets] and [teleport, destination] with inputs: [Player, 0123, dd12be42-52a9-4a91-a8a1-11c01849e498]
[16:46:05] [Render thread/WARN] (Minecraft) Ambiguity between arguments [teleport, targets, location] and [teleport, targets, destination] with inputs: [0.1 -0.5 .9, 0 0 0]
[16:46:05] [Render thread/INFO] (Minecraft) Reloading ResourceManager: Default, Fabric Mods (Fabric Game Test API (v1), Wolf Port, Fabric Tool Attribute API (v1))
[16:46:05] [Render thread/INFO] (Minecraft) Loaded 7 recipes
[16:46:05] [Render thread/INFO] (Minecraft) Loaded 1137 advancements
[16:46:05] [Render thread/INFO] (BiomeModificationImpl) Applied 0 biome modifications to 0 of 11 new biomes in 197.5 μs
[16:46:05] [Render thread/INFO] (Minecraft) Environment: authHost='https://authserver.mojang.com', accountsHost='https://api.mojang.com', sessionHost='https://sessionserver.mojang.com', servicesHost='https://api.minecraftservices.com', name='PROD'
[16:46:05] [Server thread/INFO] (Minecraft) Starting integrated minecraft server version 1.17.1
[16:46:05] [Server thread/INFO] (Minecraft) Generating keypair
[16:46:07] [Server thread/INFO] (Minecraft) Preparing start region for dimension minecraft:overworld
[16:46:07] [Render thread/INFO] (Minecraft) Preparing spawn area: 0%
[16:46:08] [Render thread/INFO] (Minecraft) Preparing spawn area: 2%
[16:46:08] [Render thread/INFO] (Minecraft) Preparing spawn area: 8%
[16:46:09] [Render thread/INFO] (Minecraft) Preparing spawn area: 18%
[16:46:09] [Render thread/INFO] (Minecraft) Preparing spawn area: 26%
[16:46:10] [Render thread/INFO] (Minecraft) Preparing spawn area: 26%
[16:46:10] [Render thread/INFO] (Minecraft) Preparing spawn area: 36%
[16:46:11] [Render thread/INFO] (Minecraft) Preparing spawn area: 45%
[16:46:11] [Render thread/INFO] (Minecraft) Preparing spawn area: 55%
[16:46:12] [Render thread/INFO] (Minecraft) Preparing spawn area: 60%
[16:46:12] [Render thread/INFO] (Minecraft) Preparing spawn area: 74%
[16:46:13] [Render thread/INFO] (Minecraft) Preparing spawn area: 85%
[16:46:13] [Render thread/INFO] (Minecraft) Preparing spawn area: 88%
[16:46:13] [Render thread/INFO] (Minecraft) Time elapsed: 6095 ms
[16:46:13] [Server thread/INFO] (Minecraft) Changing view distance to 11, from 10
[16:46:14] [Server thread/INFO] (Minecraft) Player296[local:E:fa902a8f] logged in with entity id 348 at (109.5, 63.0, -152.5)
[16:46:14] [Server thread/INFO] (Minecraft) Player296 joined the game
[16:46:14] [Server thread/INFO] (Minecraft) Saving and pausing game...
[16:46:14] [Server thread/INFO] (Minecraft) Saving chunks for level 'ServerLevel[New World]'/minecraft:overworld
[16:46:14] [Render thread/INFO] (Minecraft) Loaded 0 advancements
[16:46:15] [Server thread/INFO] (Minecraft) Saving chunks for level 'ServerLevel[New World]'/minecraft:the_nether
[16:46:15] [Server thread/INFO] (Minecraft) Saving chunks for level 'ServerLevel[New World]'/minecraft:the_end
[16:47:00] [Server thread/INFO] (Minecraft) Saving and pausing game...
[16:47:00] [Server thread/INFO] (Minecraft) Saving chunks for level 'ServerLevel[New World]'/minecraft:overworld
[16:47:00] [Server thread/INFO] (Minecraft) Saving chunks for level 'ServerLevel[New World]'/minecraft:the_nether
[16:47:00] [Server thread/INFO] (Minecraft) Saving chunks for level 'ServerLevel[New World]'/minecraft:the_end
[16:47:02] [Render thread/INFO] (Minecraft) Stopping!
[16:47:02] [Server thread/INFO] (Minecraft) Player296 lost connection: Disconnected
[16:47:02] [Server thread/INFO] (Minecraft) Player296 left the game
[16:47:02] [Server thread/INFO] (Minecraft) Stopping singleplayer server as player logged out
[16:47:02] [Server thread/INFO] (Minecraft) Stopping server
[16:47:02] [Server thread/INFO] (Minecraft) Saving players
[16:47:02] [Server thread/INFO] (Minecraft) Saving worlds
[16:47:02] [Server thread/INFO] (Minecraft) Saving chunks for level 'ServerLevel[New World]'/minecraft:overworld
[16:47:02] [Server thread/INFO] (Minecraft) Saving chunks for level 'ServerLevel[New World]'/minecraft:the_nether
[16:47:02] [Server thread/INFO] (Minecraft) Saving chunks for level 'ServerLevel[New World]'/minecraft:the_end
[16:47:02] [Server thread/INFO] (Minecraft) ThreadedAnvilChunkStorage (New World (19)): All chunks are saved
[16:47:02] [Server thread/INFO] (Minecraft) ThreadedAnvilChunkStorage (DIM-1): All chunks are saved
[16:47:02] [Server thread/INFO] (Minecraft) ThreadedAnvilChunkStorage (DIM1): All chunks are saved
[16:47:02] [Server thread/INFO] (Minecraft) ThreadedAnvilChunkStorage: All dimensions are saved
